<?xml version="1.0" encoding="UTF-8"?>
<!-- Generated by org.testng.reporters.JUnitReportReporter -->
<testsuite hostname="DESKTOP-KK0J19J" failures="0" tests="1" name="com.xdemo.Logintest" time="15.336" errors="0" timestamp="17 Jun 2018 06:16:02 GMT" skipped="0">
  <testcase classname="com.xdemo.Logintest" name="loginTest" time="15.336"/>
</testsuite> <!-- com.xdemo.Logintest -->
